<?xml version="1.0" encoding="UTF-8"?>
<testsuite xmlns:xsi="http://www.w3.org/2001/XMLSchema-instance" xsi:noNamespaceSchemaLocation="https://maven.apache.org/surefire/maven-surefire-plugin/xsd/surefire-test-report.xsd" name="ajiya.MathOperationsParameterizedTest" time="0.04" tests="5" errors="0" skipped="0" failures="0">
  <properties>
    <property name="java.specification.version" value="20"/>
    <property name="sun.jnu.encoding" value="UTF-8"/>
    <property name="java.class.path" value="/Users/hanis/Desktop/Developer/Java/math-operations/target/test-classes:/Users/hanis/Desktop/Developer/Java/math-operations/target/classes:/Users/hanis/.m2/repository/junit/junit/4.11/junit-4.11.jar:/Users/hanis/.m2/repository/org/hamcrest/hamcrest-core/1.3/hamcrest-core-1.3.jar:/Users/hanis/.m2/repository/org/mockito/mockito-core/5.11.0/mockito-core-5.11.0.jar:/Users/hanis/.m2/repository/net/bytebuddy/byte-buddy/1.14.12/byte-buddy-1.14.12.jar:/Users/hanis/.m2/repository/net/bytebuddy/byte-buddy-agent/1.14.12/byte-buddy-agent-1.14.12.jar:/Users/hanis/.m2/repository/org/objenesis/objenesis/3.3/objenesis-3.3.jar:/Users/hanis/.m2/repository/com/github/noconnor/junitperf/1.35.0/junitperf-1.35.0.jar:/Users/hanis/.m2/repository/com/github/noconnor/junitperf-core/1.35.0/junitperf-core-1.35.0.jar:/Users/hanis/.m2/repository/org/projectlombok/lombok/1.18.28/lombok-1.18.28.jar:/Users/hanis/.m2/repository/org/apache/commons/commons-lang3/3.11/commons-lang3-3.11.jar:/Users/hanis/.m2/repository/ch/qos/logback/logback-classic/1.3.0/logback-classic-1.3.0.jar:/Users/hanis/.m2/repository/ch/qos/logback/logback-core/1.3.0/logback-core-1.3.0.jar:/Users/hanis/.m2/repository/org/slf4j/slf4j-api/2.0.0/slf4j-api-2.0.0.jar:/Users/hanis/.m2/repository/com/google/guava/guava/30.1-jre/guava-30.1-jre.jar:/Users/hanis/.m2/repository/com/google/guava/failureaccess/1.0.1/failureaccess-1.0.1.jar:/Users/hanis/.m2/repository/com/google/guava/listenablefuture/9999.0-empty-to-avoid-conflict-with-guava/listenablefuture-9999.0-empty-to-avoid-conflict-with-guava.jar:/Users/hanis/.m2/repository/com/google/code/findbugs/jsr305/3.0.2/jsr305-3.0.2.jar:/Users/hanis/.m2/repository/org/checkerframework/checker-qual/3.5.0/checker-qual-3.5.0.jar:/Users/hanis/.m2/repository/com/google/errorprone/error_prone_annotations/2.3.4/error_prone_annotations-2.3.4.jar:/Users/hanis/.m2/repository/com/google/j2objc/j2objc-annotations/1.3/j2objc-annotations-1.3.jar:/Users/hanis/.m2/repository/commons-collections/commons-collections/3.2.2/commons-collections-3.2.2.jar:/Users/hanis/.m2/repository/org/apache/commons/commons-math3/3.6.1/commons-math3-3.6.1.jar:"/>
    <property name="java.vm.vendor" value="Oracle Corporation"/>
    <property name="sun.arch.data.model" value="64"/>
    <property name="java.vendor.url" value="https://java.oracle.com/"/>
    <property name="os.name" value="Mac OS X"/>
    <property name="java.vm.specification.version" value="20"/>
    <property name="sun.java.launcher" value="SUN_STANDARD"/>
    <property name="user.country" value="NG"/>
    <property name="sun.boot.library.path" value="/Library/Java/JavaVirtualMachines/jdk-20.jdk/Contents/Home/lib"/>
    <property name="sun.java.command" value="/Users/hanis/Desktop/Developer/Java/math-operations/target/surefire/surefirebooter17887213812232660619.jar /Users/hanis/Desktop/Developer/Java/math-operations/target/surefire 2024-04-04T16-25-42_507-jvmRun1 surefire10303670002083210955tmp surefire_04434548317589847099tmp"/>
    <property name="http.nonProxyHosts" value="local|*.local|169.254/16|*.169.254/16"/>
    <property name="jdk.debug" value="release"/>
    <property name="surefire.test.class.path" value="/Users/hanis/Desktop/Developer/Java/math-operations/target/test-classes:/Users/hanis/Desktop/Developer/Java/math-operations/target/classes:/Users/hanis/.m2/repository/junit/junit/4.11/junit-4.11.jar:/Users/hanis/.m2/repository/org/hamcrest/hamcrest-core/1.3/hamcrest-core-1.3.jar:/Users/hanis/.m2/repository/org/mockito/mockito-core/5.11.0/mockito-core-5.11.0.jar:/Users/hanis/.m2/repository/net/bytebuddy/byte-buddy/1.14.12/byte-buddy-1.14.12.jar:/Users/hanis/.m2/repository/net/bytebuddy/byte-buddy-agent/1.14.12/byte-buddy-agent-1.14.12.jar:/Users/hanis/.m2/repository/org/objenesis/objenesis/3.3/objenesis-3.3.jar:/Users/hanis/.m2/repository/com/github/noconnor/junitperf/1.35.0/junitperf-1.35.0.jar:/Users/hanis/.m2/repository/com/github/noconnor/junitperf-core/1.35.0/junitperf-core-1.35.0.jar:/Users/hanis/.m2/repository/org/projectlombok/lombok/1.18.28/lombok-1.18.28.jar:/Users/hanis/.m2/repository/org/apache/commons/commons-lang3/3.11/commons-lang3-3.11.jar:/Users/hanis/.m2/repository/ch/qos/logback/logback-classic/1.3.0/logback-classic-1.3.0.jar:/Users/hanis/.m2/repository/ch/qos/logback/logback-core/1.3.0/logback-core-1.3.0.jar:/Users/hanis/.m2/repository/org/slf4j/slf4j-api/2.0.0/slf4j-api-2.0.0.jar:/Users/hanis/.m2/repository/com/google/guava/guava/30.1-jre/guava-30.1-jre.jar:/Users/hanis/.m2/repository/com/google/guava/failureaccess/1.0.1/failureaccess-1.0.1.jar:/Users/hanis/.m2/repository/com/google/guava/listenablefuture/9999.0-empty-to-avoid-conflict-with-guava/listenablefuture-9999.0-empty-to-avoid-conflict-with-guava.jar:/Users/hanis/.m2/repository/com/google/code/findbugs/jsr305/3.0.2/jsr305-3.0.2.jar:/Users/hanis/.m2/repository/org/checkerframework/checker-qual/3.5.0/checker-qual-3.5.0.jar:/Users/hanis/.m2/repository/com/google/errorprone/error_prone_annotations/2.3.4/error_prone_annotations-2.3.4.jar:/Users/hanis/.m2/repository/com/google/j2objc/j2objc-annotations/1.3/j2objc-annotations-1.3.jar:/Users/hanis/.m2/repository/commons-collections/commons-collections/3.2.2/commons-collections-3.2.2.jar:/Users/hanis/.m2/repository/org/apache/commons/commons-math3/3.6.1/commons-math3-3.6.1.jar:"/>
    <property name="sun.cpu.endian" value="little"/>
    <property name="user.home" value="/Users/hanis"/>
    <property name="user.language" value="en"/>
    <property name="java.specification.vendor" value="Oracle Corporation"/>
    <property name="java.version.date" value="2023-07-18"/>
    <property name="java.home" value="/Library/Java/JavaVirtualMachines/jdk-20.jdk/Contents/Home"/>
    <property name="file.separator" value="/"/>
    <property name="basedir" value="/Users/hanis/Desktop/Developer/Java/math-operations"/>
    <property name="java.vm.compressedOopsMode" value="Zero based"/>
    <property name="line.separator" value="&#10;"/>
    <property name="java.vm.specification.vendor" value="Oracle Corporation"/>
    <property name="java.specification.name" value="Java Platform API Specification"/>
    <property name="apple.awt.application.name" value="ForkedBooter"/>
    <property name="surefire.real.class.path" value="/Users/hanis/Desktop/Developer/Java/math-operations/target/surefire/surefirebooter17887213812232660619.jar"/>
    <property name="sun.management.compiler" value="HotSpot 64-Bit Tiered Compilers"/>
    <property name="ftp.nonProxyHosts" value="local|*.local|169.254/16|*.169.254/16"/>
    <property name="java.runtime.version" value="20.0.2+9-78"/>
    <property name="user.name" value="hanis"/>
    <property name="stdout.encoding" value="UTF-8"/>
    <property name="path.separator" value=":"/>
    <property name="os.version" value="14.3"/>
    <property name="java.runtime.name" value="Java(TM) SE Runtime Environment"/>
    <property name="file.encoding" value="UTF-8"/>
    <property name="java.vm.name" value="Java HotSpot(TM) 64-Bit Server VM"/>
    <property name="localRepository" value="/Users/hanis/.m2/repository"/>
    <property name="java.vendor.url.bug" value="https://bugreport.java.com/bugreport/"/>
    <property name="java.io.tmpdir" value="/var/folders/rj/y_3skblj1kv9_3d9ggk86f5c0000gn/T/"/>
    <property name="java.version" value="20.0.2"/>
    <property name="user.dir" value="/Users/hanis/Desktop/Developer/Java/math-operations"/>
    <property name="os.arch" value="x86_64"/>
    <property name="java.vm.specification.name" value="Java Virtual Machine Specification"/>
    <property name="native.encoding" value="UTF-8"/>
    <property name="java.library.path" value="/Users/hanis/Library/Java/Extensions:/Library/Java/Extensions:/Network/Library/Java/Extensions:/System/Library/Java/Extensions:/usr/lib/java:."/>
    <property name="java.vm.info" value="mixed mode, sharing"/>
    <property name="stderr.encoding" value="UTF-8"/>
    <property name="java.vendor" value="Oracle Corporation"/>
    <property name="java.vm.version" value="20.0.2+9-78"/>
    <property name="sun.io.unicode.encoding" value="UnicodeBig"/>
    <property name="socksNonProxyHosts" value="local|*.local|169.254/16|*.169.254/16"/>
    <property name="java.class.version" value="64.0"/>
  </properties>
  <testcase name="testAdd[0]" classname="ajiya.MathOperationsParameterizedTest" time="0.002"/>
  <testcase name="testAdd[1]" classname="ajiya.MathOperationsParameterizedTest" time="0"/>
  <testcase name="testAdd[2]" classname="ajiya.MathOperationsParameterizedTest" time="0"/>
  <testcase name="testAdd[3]" classname="ajiya.MathOperationsParameterizedTest" time="0"/>
  <testcase name="testAdd[4]" classname="ajiya.MathOperationsParameterizedTest" time="0"/>
</testsuite>