<?xml version="1.0" encoding="UTF-8"?>
<testsuite name="org.example.MathOperationsParameterizedTest" tests="5" skipped="0" failures="0" errors="0" timestamp="2024-04-05T12:08:55" hostname="Haniss-MacBook-Pro.local" time="0.042">
  <properties/>
  <testcase name="[1] 2, 3, 5" classname="org.example.MathOperationsParameterizedTest" time="0.032"/>
  <testcase name="[2] 0, 0, 0" classname="org.example.MathOperationsParameterizedTest" time="0.001"/>
  <testcase name="[3] -2, -3, -5" classname="org.example.MathOperationsParameterizedTest" time="0.001"/>
  <testcase name="[4] 10, 20, 30" classname="org.example.MathOperationsParameterizedTest" time="0.001"/>
  <testcase name="[5] 100, -50, 50" classname="org.example.MathOperationsParameterizedTest" time="0.001"/>
  <system-out><![CDATA[]]></system-out>
  <system-err><![CDATA[]]></system-err>
</testsuite>
