<?xml version="1.0" encoding="UTF-8"?>
<testsuite name="org.example.MathOperationsPerformanceTest" tests="5" skipped="0" failures="0" errors="0" timestamp="2024-04-05T12:08:55" hostname="Haniss-MacBook-Pro.local" time="0.573">
  <properties/>
  <testcase name="testAddPerformance()" classname="org.example.MathOperationsPerformanceTest" time="0.122"/>
  <testcase name="testDividePerformance()" classname="org.example.MathOperationsPerformanceTest" time="0.117"/>
  <testcase name="testMultiplyPerformance()" classname="org.example.MathOperationsPerformanceTest" time="0.132"/>
  <testcase name="testIsPrimePerformance()" classname="org.example.MathOperationsPerformanceTest" time="0.115"/>
  <testcase name="testSubtractPerformance()" classname="org.example.MathOperationsPerformanceTest" time="0.083"/>
  <system-out><![CDATA[]]></system-out>
  <system-err><![CDATA[]]></system-err>
</testsuite>
