<?xml version="1.0" encoding="UTF-8"?>
<testsuite name="org.example.MathOperationsIntegrationsTest" tests="2" skipped="0" failures="0" errors="0" timestamp="2024-04-05T12:08:53" hostname="Haniss-MacBook-Pro.local" time="0.01">
  <properties/>
  <testcase name="testSubtractAndDivideIntegration()" classname="org.example.MathOperationsIntegrationsTest" time="0.008"/>
  <testcase name="testAddAndMultiplyIntegration()" classname="org.example.MathOperationsIntegrationsTest" time="0.001"/>
  <system-out><![CDATA[]]></system-out>
  <system-err><![CDATA[]]></system-err>
</testsuite>
