<?xml version="1.0" encoding="UTF-8"?>
<testsuite name="org.example.MathOperationsUnitTest" tests="6" skipped="0" failures="0" errors="0" timestamp="2024-04-05T12:08:55" hostname="Haniss-MacBook-Pro.local" time="0.009">
  <properties/>
  <testcase name="testDivideByZero()" classname="org.example.MathOperationsUnitTest" time="0.004"/>
  <testcase name="testAdd()" classname="org.example.MathOperationsUnitTest" time="0.001"/>
  <testcase name="testSubtract()" classname="org.example.MathOperationsUnitTest" time="0.001"/>
  <testcase name="testDivide()" classname="org.example.MathOperationsUnitTest" time="0.0"/>
  <testcase name="testMultiply()" classname="org.example.MathOperationsUnitTest" time="0.0"/>
  <testcase name="testIsPrime()" classname="org.example.MathOperationsUnitTest" time="0.001"/>
  <system-out><![CDATA[]]></system-out>
  <system-err><![CDATA[]]></system-err>
</testsuite>
