<?xml version="1.0" encoding="UTF-8"?>
<testsuite name="org.example.MathOperationsExceptionHandlingTest" tests="2" skipped="0" failures="0" errors="0" timestamp="2024-04-05T12:08:53" hostname="Haniss-MacBook-Pro.local" time="0.018">
  <properties/>
  <testcase name="testDivideByPositiveShouldNotThrowException()" classname="org.example.MathOperationsExceptionHandlingTest" time="0.017"/>
  <testcase name="testDivideByNonZeroShouldNotThrowException()" classname="org.example.MathOperationsExceptionHandlingTest" time="0.0"/>
  <system-out><![CDATA[]]></system-out>
  <system-err><![CDATA[]]></system-err>
</testsuite>
