<?xml version="1.0" encoding="UTF-8"?>
<testsuite name="org.example.MathOperationsMockitoTest" tests="4" skipped="0" failures="0" errors="0" timestamp="2024-04-05T12:08:53" hostname="Haniss-MacBook-Pro.local" time="1.222">
  <properties/>
  <testcase name="testIsPrimeWithMockedIsPrime()" classname="org.example.MathOperationsMockitoTest" time="1.211"/>
  <testcase name="testAddWithMockedAddition()" classname="org.example.MathOperationsMockitoTest" time="0.003"/>
  <testcase name="testMultiplyWithMockedMultiplication()" classname="org.example.MathOperationsMockitoTest" time="0.002"/>
  <testcase name="testSubtractWithMockedSubtraction()" classname="org.example.MathOperationsMockitoTest" time="0.002"/>
  <system-out><![CDATA[]]></system-out>
  <system-err><![CDATA[WARNING: A Java agent has been loaded dynamically (/Users/hanis/.gradle/caches/modules-2/files-2.1/net.bytebuddy/byte-buddy-agent/1.14.12/be4984cb6fd1ef1d11f218a648889dfda44b8a15/byte-buddy-agent-1.14.12.jar)
WARNING: If a serviceability tool is in use, please run with -XX:+EnableDynamicAgentLoading to hide this warning
WARNING: If a serviceability tool is not in use, please run with -Djdk.instrument.traceUsage for more information
WARNING: Dynamic loading of agents will be disallowed by default in a future release
]]></system-err>
</testsuite>
